Using pre-set license
Built from '2021.1/release' branch; Version is '2021.1.1f1 (6fdc41dfa55a) revision 7330881'; Using compiler version '192528614'; Build Type 'Release'
OS: 'Windows 10 Home; OS build 19043.2130; Version 2009; 64bit' Language: 'en' Physical Memory: 16086 MB
BatchMode: 1, IsHumanControllingUs: 0, StartBugReporterOnCrash: 0, Is64bit: 1, IsPro: 0

 COMMAND LINE ARGUMENTS:
C:\Users\chong\OneDrive\Desktop\2021.1.1f1\Editor\Unity.exe
-adb2
-batchMode
-noUpm
-name
AssetImportWorker0
-projectPath
C:/Users/chong/OneDrive/Desktop/Park - EscapeFromMars
-logFile
Logs/AssetImportWorker0.log
-srvPort
64520
Successfully changed project path to: C:/Users/chong/OneDrive/Desktop/Park - EscapeFromMars
C:/Users/chong/OneDrive/Desktop/Park - EscapeFromMars
Using Asset Import Pipeline V2.
Refreshing native plugins compatible for Editor in 120.18 ms, found 0 plugins.
Preloading 0 native plugins for Editor in 0.00 ms.
Initialize engine version: 2021.1.1f1 (6fdc41dfa55a)
[Subsystems] Discovering subsystems at path C:/Users/chong/OneDrive/Desktop/2021.1.1f1/Editor/Data/Resources/UnitySubsystems
[Subsystems] Discovering subsystems at path C:/Users/chong/OneDrive/Desktop/Park - EscapeFromMars/Assets
GfxDevice: creating device client; threaded=0; jobified=0
Direct3D:
    Version:  Direct3D 11.0 [level 11.1]
    Renderer: NVIDIA GeForce MX330 (ID=0x1d16)
    Vendor:   NVIDIA
    VRAM:     1983 MB
    Driver:   30.0.15.1278
Initialize mono
Mono path[0] = 'C:/Users/chong/OneDrive/Desktop/2021.1.1f1/Editor/Data/Managed'
Mono path[1] = 'C:/Users/chong/OneDrive/Desktop/2021.1.1f1/Editor/Data/MonoBleedingEdge/lib/mono/unityjit'
Mono config path = 'C:/Users/chong/OneDrive/Desktop/2021.1.1f1/Editor/Data/MonoBleedingEdge/etc'
Using monoOptions --debugger-agent=transport=dt_socket,embedding=1,server=y,suspend=n,address=127.0.0.1:56800
Begin MonoManager ReloadAssembly
Registering precompiled unity dll's ...
Register platform support module: C:/Users/chong/OneDrive/Desktop/2021.1.1f1/Editor/Data/PlaybackEngines/WindowsStandaloneSupport/UnityEditor.WindowsStandalone.Extensions.dll
Registered in 0.006207 seconds.
Native extension for WindowsStandalone target not found
Refreshing native plugins compatible for Editor in 136.23 ms, found 0 plugins.
Preloading 0 native plugins for Editor in 0.00 ms.
Mono: successfully reloaded assembly
- Completed reload, in  3.401 seconds
Platform modules already initialized, skipping
Registering precompiled user dll's ...
Registered in 0.004240 seconds.
Begin MonoManager ReloadAssembly
Native extension for WindowsStandalone target not found
Refreshing native plugins compatible for Editor in 1.30 ms, found 0 plugins.
Preloading 0 native plugins for Editor in 0.00 ms.
Mono: successfully reloaded assembly
- Completed reload, in  2.675 seconds
Platform modules already initialized, skipping
========================================================================
Worker process is ready to serve import requests
Launched and connected shader compiler UnityShaderCompiler.exe after 0.10 seconds
Refreshing native plugins compatible for Editor in 1.33 ms, found 0 plugins.
Preloading 0 native plugins for Editor in 0.00 ms.
Unloading 1806 Unused Serialized files (Serialized files now loaded: 0)
System memory in use before: 170.8 MB.
System memory in use after: 170.9 MB.

Unloading 75 unused Assets to reduce memory usage. Loaded Objects now: 2284.
Total: 5.171100 ms (FindLiveObjects: 0.482900 ms CreateObjectMapping: 0.226000 ms MarkObjects: 4.081400 ms  DeleteObjects: 0.377500 ms)

========================================================================
Received Import Request.
  path: Assets/FuelFill.cs
  artifactKey: Guid(b70ccef16b5b47246b3c2499f1c080c3) Importer(815301076,1909f56bfc062723c751e8b465ee728b)
Start importing Assets/FuelFill.cs using Guid(b70ccef16b5b47246b3c2499f1c080c3) Importer(815301076,1909f56bfc062723c751e8b465ee728b)  -> (artifact id: '5add2c91a26a669b2d471d6e21500989') in 0.332879 seconds 
========================================================================
Received Import Request.
  Time since last request: 15.735010 seconds.
  path: Assets/FuelItemPickup.cs
  artifactKey: Guid(fc325350d90200d4487ff4e74978d57a) Importer(815301076,1909f56bfc062723c751e8b465ee728b)
Start importing Assets/FuelItemPickup.cs using Guid(fc325350d90200d4487ff4e74978d57a) Importer(815301076,1909f56bfc062723c751e8b465ee728b)  -> (artifact id: '829bc6b8aabf2c3f25db4e7a99e304d4') in 0.029750 seconds 
========================================================================
Received Import Request.
  Time since last request: 7.662453 seconds.
  path: Assets/FuelPortal.cs
  artifactKey: Guid(fdd83710f897ef74eb68468558b61320) Importer(815301076,1909f56bfc062723c751e8b465ee728b)
Start importing Assets/FuelPortal.cs using Guid(fdd83710f897ef74eb68468558b61320) Importer(815301076,1909f56bfc062723c751e8b465ee728b)  -> (artifact id: '08369ad012aeb3c865b9ce5f014cab3f') in 0.026664 seconds 
========================================================================
Received Prepare
Refreshing native plugins compatible for Editor in 3.17 ms, found 0 plugins.
Preloading 0 native plugins for Editor in 0.00 ms.
Unloading 4 Unused Serialized files (Serialized files now loaded: 0)
System memory in use before: 132.2 MB.
System memory in use after: 132.3 MB.

Unloading 4 unused Assets to reduce memory usage. Loaded Objects now: 2284.
Total: 5.656200 ms (FindLiveObjects: 0.487800 ms CreateObjectMapping: 0.180000 ms MarkObjects: 4.805200 ms  DeleteObjects: 0.180300 ms)

AssetImportWorkerClient::OnTransportError - code=2 error=End of file
